<?xml version="1.0" encoding="UTF-8"?>
<!-- Generated by org.testng.reporters.JUnitXMLReporter -->
<testsuite ignored="1" hostname="DESKTOP-FI1EJ2S" failures="0" tests="4" name="Default test" time="0.337" errors="0" timestamp="2023-11-08T11:27:29 IST">
  <testcase classname="praticeTestNG.TestNGPractice" name="sample2Test" time="0.044"/>
  <testcase classname="praticeTestNG.TestNGPractice" name="sample3Test" time="0.007"/>
  <testcase classname="praticeTestNG.TestNGPractice" name="sample3Test" time="0.011"/>
  <testcase classname="praticeTestNG.TestNGPractice" name="sample3Test" time="0.019"/>
  <testcase classname="praticeTestNG.TestNGPractice" name="sample1Test" time="0.0">
    <ignored/>
  </testcase> <!-- sample1Test -->
</testsuite> <!-- Default test -->
