<?xml version="1.0" encoding="UTF-8"?>
<!-- Generated by org.testng.reporters.JUnitXMLReporter -->
<testsuite ignored="2" hostname="DESKTOP-FI1EJ2S" failures="0" tests="3" name="Default test" time="0.297" errors="0" timestamp="2023-11-10T11:11:33 IST">
  <testcase classname="praticeTestNG.TestNGPractice" name="sample3Test" time="0.039"/>
  <testcase classname="praticeTestNG.TestNGPractice" name="sample3Test" time="0.004"/>
  <testcase classname="praticeTestNG.TestNGPractice" name="sample3Test" time="0.011"/>
  <testcase classname="praticeTestNG.TestNGPractice" name="sample1Test" time="0.0">
    <ignored/>
  </testcase> <!-- sample1Test -->
  <testcase classname="praticeTestNG.TestNGPractice" name="sample2Test" time="0.0">
    <ignored/>
  </testcase> <!-- sample2Test -->
</testsuite> <!-- Default test -->
